d:\project_psi\psi\psi\x64\debug\vc143.pdb
d:\project_psi\psi\psi\x64\debug\vc143.idb
d:\project_psi\psi\psi\x64\debug\main.obj
d:\project_psi\psi\psi\x64\debug\state.obj
d:\project_psi\psi\psi\x64\debug\soundmanager.obj
d:\project_psi\psi\psi\x64\debug\settings.obj
d:\project_psi\psi\psi\x64\debug\save.obj
d:\project_psi\psi\psi\x64\debug\mapgeneration.obj
d:\project_psi\psi\psi\x64\debug\mainmenustate.obj
d:\project_psi\psi\psi\x64\debug\hero.obj
d:\project_psi\psi\psi\x64\debug\gamecardstate.obj
d:\project_psi\psi\psi\x64\debug\gameboardstate.obj
d:\project_psi\psi\psi\x64\debug\game.obj
d:\project_psi\psi\psi\x64\debug\eventmanager.obj
d:\project_psi\psi\psi\x64\debug\effectbehaviors.obj
d:\project_psi\psi\psi\x64\debug\effect.obj
d:\project_psi\psi\psi\x64\debug\card.obj
d:\project_psi\psi\psi\x64\debug\button.obj
d:\project_psi\psi\psi\x64\debug\abilitytreestate.obj
d:\project_psi\psi\psi\x64\debug\abilitytree.obj
d:\project_psi\psi\psi\x64\debug\sqlite3.obj
d:\project_psi\psi\psi\x64\debug\abilitytreestate.obj.enc
d:\project_psi\psi\x64\debug\psi.pdb
d:\project_psi\psi\psi\x64\debug\psi.tlog\link.read.2.tlog
d:\project_psi\psi\psi\x64\debug\psi.tlog\link.read.1.tlog
d:\project_psi\psi\psi\x64\debug\psi.tlog\link.command.1.tlog
d:\project_psi\psi\psi\x64\debug\psi.tlog\cl.command.1.tlog
d:\project_psi\psi\psi\x64\debug\psi.tlog\cl.read.1.tlog
d:\project_psi\psi\psi\x64\debug\psi.tlog\cl.write.1.tlog
d:\project_psi\psi\psi\x64\debug\psi.tlog\cl.items.tlog
d:\project_psi\psi\psi\x64\debug\psi.tlog\link.secondary.1.tlog
d:\project_psi\psi\psi\x64\debug\psi.tlog\link.write.1.tlog
