  AbilityTreeState.cpp
C:\Program Files\Microsoft Visual Studio\2022\Community\VC\Tools\MSVC\14.34.31933\include\filesystem(13): warning STL4038: The contents of <filesystem> are available only with C++17 or later.
C:\Users\Umbra\source\repos\kabulqz\project_psi\psi\libraries\TileMap.hpp(43,55): warning C4244: "argument": konwersja z "unsigned int" do "T", możliwa utrata danych
          with
          [
              T=float
          ]
C:\Users\Umbra\source\repos\kabulqz\project_psi\psi\libraries\TileMap.hpp(43,39): warning C4244: "argument": konwersja z "unsigned int" do "T", możliwa utrata danych
          with
          [
              T=float
          ]
C:\Users\Umbra\source\repos\kabulqz\project_psi\psi\libraries\TileMap.hpp(44,61): warning C4244: "argument": konwersja z "unsigned int" do "T", możliwa utrata danych
          with
          [
              T=float
          ]
C:\Users\Umbra\source\repos\kabulqz\project_psi\psi\libraries\TileMap.hpp(44,45): warning C4244: "argument": konwersja z "unsigned int" do "T", możliwa utrata danych
          with
          [
              T=float
          ]
C:\Users\Umbra\source\repos\kabulqz\project_psi\psi\libraries\TileMap.hpp(45,67): warning C4244: "argument": konwersja z "unsigned int" do "T", możliwa utrata danych
          with
          [
              T=float
          ]
C:\Users\Umbra\source\repos\kabulqz\project_psi\psi\libraries\TileMap.hpp(45,45): warning C4244: "argument": konwersja z "unsigned int" do "T", możliwa utrata danych
          with
          [
              T=float
          ]
C:\Users\Umbra\source\repos\kabulqz\project_psi\psi\libraries\TileMap.hpp(46,61): warning C4244: "argument": konwersja z "unsigned int" do "T", możliwa utrata danych
          with
          [
              T=float
          ]
C:\Users\Umbra\source\repos\kabulqz\project_psi\psi\libraries\TileMap.hpp(46,39): warning C4244: "argument": konwersja z "unsigned int" do "T", możliwa utrata danych
          with
          [
              T=float
          ]
C:\Users\Umbra\source\repos\kabulqz\project_psi\psi\libraries\TileMap.hpp(49,58): warning C4244: "argument": konwersja z "T" do "T", możliwa utrata danych
          with
          [
              T=unsigned int
          ]
          and
          [
              T=float
          ]
C:\Users\Umbra\source\repos\kabulqz\project_psi\psi\libraries\TileMap.hpp(49,41): warning C4244: "argument": konwersja z "T" do "T", możliwa utrata danych
          with
          [
              T=unsigned int
          ]
          and
          [
              T=float
          ]
C:\Users\Umbra\source\repos\kabulqz\project_psi\psi\libraries\TileMap.hpp(50,64): warning C4244: "argument": konwersja z "T" do "T", możliwa utrata danych
          with
          [
              T=unsigned int
          ]
          and
          [
              T=float
          ]
C:\Users\Umbra\source\repos\kabulqz\project_psi\psi\libraries\TileMap.hpp(50,47): warning C4244: "argument": konwersja z "T" do "T", możliwa utrata danych
          with
          [
              T=unsigned int
          ]
          and
          [
              T=float
          ]
C:\Users\Umbra\source\repos\kabulqz\project_psi\psi\libraries\TileMap.hpp(51,70): warning C4244: "argument": konwersja z "T" do "T", możliwa utrata danych
          with
          [
              T=unsigned int
          ]
          and
          [
              T=float
          ]
C:\Users\Umbra\source\repos\kabulqz\project_psi\psi\libraries\TileMap.hpp(51,47): warning C4244: "argument": konwersja z "T" do "T", możliwa utrata danych
          with
          [
              T=unsigned int
          ]
          and
          [
              T=float
          ]
C:\Users\Umbra\source\repos\kabulqz\project_psi\psi\libraries\TileMap.hpp(52,64): warning C4244: "argument": konwersja z "T" do "T", możliwa utrata danych
          with
          [
              T=unsigned int
          ]
          and
          [
              T=float
          ]
C:\Users\Umbra\source\repos\kabulqz\project_psi\psi\libraries\TileMap.hpp(52,41): warning C4244: "argument": konwersja z "T" do "T", możliwa utrata danych
          with
          [
              T=unsigned int
          ]
          and
          [
              T=float
          ]
C:\Users\Umbra\source\repos\kabulqz\project_psi\psi\libraries\Save.hpp(17,1): error C2027: wykorzystanie niezdefiniowanego przez użytkownika typu "Game"
C:\Users\Umbra\source\repos\kabulqz\project_psi\psi\libraries\Settings.hpp(31,7): message : zobacz deklarację „Game”
C:\Users\Umbra\source\repos\kabulqz\project_psi\psi\libraries\Save.hpp(22,1): error C2027: wykorzystanie niezdefiniowanego przez użytkownika typu "Game"
C:\Users\Umbra\source\repos\kabulqz\project_psi\psi\libraries\Settings.hpp(31,7): message : zobacz deklarację „Game”
  Game.cpp
C:\Program Files\Microsoft Visual Studio\2022\Community\VC\Tools\MSVC\14.34.31933\include\filesystem(13): warning STL4038: The contents of <filesystem> are available only with C++17 or later.
C:\Users\Umbra\source\repos\kabulqz\project_psi\psi\libraries\TileMap.hpp(43,55): warning C4244: "argument": konwersja z "unsigned int" do "T", możliwa utrata danych
          with
          [
              T=float
          ]
C:\Users\Umbra\source\repos\kabulqz\project_psi\psi\libraries\TileMap.hpp(43,39): warning C4244: "argument": konwersja z "unsigned int" do "T", możliwa utrata danych
          with
          [
              T=float
          ]
C:\Users\Umbra\source\repos\kabulqz\project_psi\psi\libraries\TileMap.hpp(44,61): warning C4244: "argument": konwersja z "unsigned int" do "T", możliwa utrata danych
          with
          [
              T=float
          ]
C:\Users\Umbra\source\repos\kabulqz\project_psi\psi\libraries\TileMap.hpp(44,45): warning C4244: "argument": konwersja z "unsigned int" do "T", możliwa utrata danych
          with
          [
              T=float
          ]
C:\Users\Umbra\source\repos\kabulqz\project_psi\psi\libraries\TileMap.hpp(45,67): warning C4244: "argument": konwersja z "unsigned int" do "T", możliwa utrata danych
          with
          [
              T=float
          ]
C:\Users\Umbra\source\repos\kabulqz\project_psi\psi\libraries\TileMap.hpp(45,45): warning C4244: "argument": konwersja z "unsigned int" do "T", możliwa utrata danych
          with
          [
              T=float
          ]
C:\Users\Umbra\source\repos\kabulqz\project_psi\psi\libraries\TileMap.hpp(46,61): warning C4244: "argument": konwersja z "unsigned int" do "T", możliwa utrata danych
          with
          [
              T=float
          ]
C:\Users\Umbra\source\repos\kabulqz\project_psi\psi\libraries\TileMap.hpp(46,39): warning C4244: "argument": konwersja z "unsigned int" do "T", możliwa utrata danych
          with
          [
              T=float
          ]
C:\Users\Umbra\source\repos\kabulqz\project_psi\psi\libraries\TileMap.hpp(49,58): warning C4244: "argument": konwersja z "T" do "T", możliwa utrata danych
          with
          [
              T=unsigned int
          ]
          and
          [
              T=float
          ]
C:\Users\Umbra\source\repos\kabulqz\project_psi\psi\libraries\TileMap.hpp(49,41): warning C4244: "argument": konwersja z "T" do "T", możliwa utrata danych
          with
          [
              T=unsigned int
          ]
          and
          [
              T=float
          ]
C:\Users\Umbra\source\repos\kabulqz\project_psi\psi\libraries\TileMap.hpp(50,64): warning C4244: "argument": konwersja z "T" do "T", możliwa utrata danych
          with
          [
              T=unsigned int
          ]
          and
          [
              T=float
          ]
C:\Users\Umbra\source\repos\kabulqz\project_psi\psi\libraries\TileMap.hpp(50,47): warning C4244: "argument": konwersja z "T" do "T", możliwa utrata danych
          with
          [
              T=unsigned int
          ]
          and
          [
              T=float
          ]
C:\Users\Umbra\source\repos\kabulqz\project_psi\psi\libraries\TileMap.hpp(51,70): warning C4244: "argument": konwersja z "T" do "T", możliwa utrata danych
          with
          [
              T=unsigned int
          ]
          and
          [
              T=float
          ]
C:\Users\Umbra\source\repos\kabulqz\project_psi\psi\libraries\TileMap.hpp(51,47): warning C4244: "argument": konwersja z "T" do "T", możliwa utrata danych
          with
          [
              T=unsigned int
          ]
          and
          [
              T=float
          ]
C:\Users\Umbra\source\repos\kabulqz\project_psi\psi\libraries\TileMap.hpp(52,64): warning C4244: "argument": konwersja z "T" do "T", możliwa utrata danych
          with
          [
              T=unsigned int
          ]
          and
          [
              T=float
          ]
C:\Users\Umbra\source\repos\kabulqz\project_psi\psi\libraries\TileMap.hpp(52,41): warning C4244: "argument": konwersja z "T" do "T", możliwa utrata danych
          with
          [
              T=unsigned int
          ]
          and
          [
              T=float
          ]
C:\Users\Umbra\source\repos\kabulqz\project_psi\psi\libraries\Save.hpp(17,1): error C2027: wykorzystanie niezdefiniowanego przez użytkownika typu "Game"
C:\Users\Umbra\source\repos\kabulqz\project_psi\psi\libraries\Settings.hpp(31,7): message : zobacz deklarację „Game”
C:\Users\Umbra\source\repos\kabulqz\project_psi\psi\libraries\Save.hpp(22,1): error C2027: wykorzystanie niezdefiniowanego przez użytkownika typu "Game"
C:\Users\Umbra\source\repos\kabulqz\project_psi\psi\libraries\Settings.hpp(31,7): message : zobacz deklarację „Game”
  GameBoardState.cpp
C:\Program Files\Microsoft Visual Studio\2022\Community\VC\Tools\MSVC\14.34.31933\include\filesystem(13): warning STL4038: The contents of <filesystem> are available only with C++17 or later.
C:\Users\Umbra\source\repos\kabulqz\project_psi\psi\libraries\TileMap.hpp(43,55): warning C4244: "argument": konwersja z "unsigned int" do "T", możliwa utrata danych
          with
          [
              T=float
          ]
C:\Users\Umbra\source\repos\kabulqz\project_psi\psi\libraries\TileMap.hpp(43,39): warning C4244: "argument": konwersja z "unsigned int" do "T", możliwa utrata danych
          with
          [
              T=float
          ]
C:\Users\Umbra\source\repos\kabulqz\project_psi\psi\libraries\TileMap.hpp(44,61): warning C4244: "argument": konwersja z "unsigned int" do "T", możliwa utrata danych
          with
          [
              T=float
          ]
C:\Users\Umbra\source\repos\kabulqz\project_psi\psi\libraries\TileMap.hpp(44,45): warning C4244: "argument": konwersja z "unsigned int" do "T", możliwa utrata danych
          with
          [
              T=float
          ]
C:\Users\Umbra\source\repos\kabulqz\project_psi\psi\libraries\TileMap.hpp(45,67): warning C4244: "argument": konwersja z "unsigned int" do "T", możliwa utrata danych
          with
          [
              T=float
          ]
C:\Users\Umbra\source\repos\kabulqz\project_psi\psi\libraries\TileMap.hpp(45,45): warning C4244: "argument": konwersja z "unsigned int" do "T", możliwa utrata danych
          with
          [
              T=float
          ]
C:\Users\Umbra\source\repos\kabulqz\project_psi\psi\libraries\TileMap.hpp(46,61): warning C4244: "argument": konwersja z "unsigned int" do "T", możliwa utrata danych
          with
          [
              T=float
          ]
C:\Users\Umbra\source\repos\kabulqz\project_psi\psi\libraries\TileMap.hpp(46,39): warning C4244: "argument": konwersja z "unsigned int" do "T", możliwa utrata danych
          with
          [
              T=float
          ]
C:\Users\Umbra\source\repos\kabulqz\project_psi\psi\libraries\TileMap.hpp(49,58): warning C4244: "argument": konwersja z "T" do "T", możliwa utrata danych
          with
          [
              T=unsigned int
          ]
          and
          [
              T=float
          ]
C:\Users\Umbra\source\repos\kabulqz\project_psi\psi\libraries\TileMap.hpp(49,41): warning C4244: "argument": konwersja z "T" do "T", możliwa utrata danych
          with
          [
              T=unsigned int
          ]
          and
          [
              T=float
          ]
C:\Users\Umbra\source\repos\kabulqz\project_psi\psi\libraries\TileMap.hpp(50,64): warning C4244: "argument": konwersja z "T" do "T", możliwa utrata danych
          with
          [
              T=unsigned int
          ]
          and
          [
              T=float
          ]
C:\Users\Umbra\source\repos\kabulqz\project_psi\psi\libraries\TileMap.hpp(50,47): warning C4244: "argument": konwersja z "T" do "T", możliwa utrata danych
          with
          [
              T=unsigned int
          ]
          and
          [
              T=float
          ]
C:\Users\Umbra\source\repos\kabulqz\project_psi\psi\libraries\TileMap.hpp(51,70): warning C4244: "argument": konwersja z "T" do "T", możliwa utrata danych
          with
          [
              T=unsigned int
          ]
          and
          [
              T=float
          ]
C:\Users\Umbra\source\repos\kabulqz\project_psi\psi\libraries\TileMap.hpp(51,47): warning C4244: "argument": konwersja z "T" do "T", możliwa utrata danych
          with
          [
              T=unsigned int
          ]
          and
          [
              T=float
          ]
C:\Users\Umbra\source\repos\kabulqz\project_psi\psi\libraries\TileMap.hpp(52,64): warning C4244: "argument": konwersja z "T" do "T", możliwa utrata danych
          with
          [
              T=unsigned int
          ]
          and
          [
              T=float
          ]
C:\Users\Umbra\source\repos\kabulqz\project_psi\psi\libraries\TileMap.hpp(52,41): warning C4244: "argument": konwersja z "T" do "T", możliwa utrata danych
          with
          [
              T=unsigned int
          ]
          and
          [
              T=float
          ]
C:\Users\Umbra\source\repos\kabulqz\project_psi\psi\libraries\Save.hpp(17,1): error C2027: wykorzystanie niezdefiniowanego przez użytkownika typu "Game"
C:\Users\Umbra\source\repos\kabulqz\project_psi\psi\libraries\Settings.hpp(31,7): message : zobacz deklarację „Game”
C:\Users\Umbra\source\repos\kabulqz\project_psi\psi\libraries\Save.hpp(22,1): error C2027: wykorzystanie niezdefiniowanego przez użytkownika typu "Game"
C:\Users\Umbra\source\repos\kabulqz\project_psi\psi\libraries\Settings.hpp(31,7): message : zobacz deklarację „Game”
  GameCardState.cpp
C:\Program Files\Microsoft Visual Studio\2022\Community\VC\Tools\MSVC\14.34.31933\include\filesystem(13): warning STL4038: The contents of <filesystem> are available only with C++17 or later.
C:\Users\Umbra\source\repos\kabulqz\project_psi\psi\libraries\TileMap.hpp(43,55): warning C4244: "argument": konwersja z "unsigned int" do "T", możliwa utrata danych
          with
          [
              T=float
          ]
C:\Users\Umbra\source\repos\kabulqz\project_psi\psi\libraries\TileMap.hpp(43,39): warning C4244: "argument": konwersja z "unsigned int" do "T", możliwa utrata danych
          with
          [
              T=float
          ]
C:\Users\Umbra\source\repos\kabulqz\project_psi\psi\libraries\TileMap.hpp(44,61): warning C4244: "argument": konwersja z "unsigned int" do "T", możliwa utrata danych
          with
          [
              T=float
          ]
C:\Users\Umbra\source\repos\kabulqz\project_psi\psi\libraries\TileMap.hpp(44,45): warning C4244: "argument": konwersja z "unsigned int" do "T", możliwa utrata danych
          with
          [
              T=float
          ]
C:\Users\Umbra\source\repos\kabulqz\project_psi\psi\libraries\TileMap.hpp(45,67): warning C4244: "argument": konwersja z "unsigned int" do "T", możliwa utrata danych
          with
          [
              T=float
          ]
C:\Users\Umbra\source\repos\kabulqz\project_psi\psi\libraries\TileMap.hpp(45,45): warning C4244: "argument": konwersja z "unsigned int" do "T", możliwa utrata danych
          with
          [
              T=float
          ]
C:\Users\Umbra\source\repos\kabulqz\project_psi\psi\libraries\TileMap.hpp(46,61): warning C4244: "argument": konwersja z "unsigned int" do "T", możliwa utrata danych
          with
          [
              T=float
          ]
C:\Users\Umbra\source\repos\kabulqz\project_psi\psi\libraries\TileMap.hpp(46,39): warning C4244: "argument": konwersja z "unsigned int" do "T", możliwa utrata danych
          with
          [
              T=float
          ]
C:\Users\Umbra\source\repos\kabulqz\project_psi\psi\libraries\TileMap.hpp(49,58): warning C4244: "argument": konwersja z "T" do "T", możliwa utrata danych
          with
          [
              T=unsigned int
          ]
          and
          [
              T=float
          ]
C:\Users\Umbra\source\repos\kabulqz\project_psi\psi\libraries\TileMap.hpp(49,41): warning C4244: "argument": konwersja z "T" do "T", możliwa utrata danych
          with
          [
              T=unsigned int
          ]
          and
          [
              T=float
          ]
C:\Users\Umbra\source\repos\kabulqz\project_psi\psi\libraries\TileMap.hpp(50,64): warning C4244: "argument": konwersja z "T" do "T", możliwa utrata danych
          with
          [
              T=unsigned int
          ]
          and
          [
              T=float
          ]
C:\Users\Umbra\source\repos\kabulqz\project_psi\psi\libraries\TileMap.hpp(50,47): warning C4244: "argument": konwersja z "T" do "T", możliwa utrata danych
          with
          [
              T=unsigned int
          ]
          and
          [
              T=float
          ]
C:\Users\Umbra\source\repos\kabulqz\project_psi\psi\libraries\TileMap.hpp(51,70): warning C4244: "argument": konwersja z "T" do "T", możliwa utrata danych
          with
          [
              T=unsigned int
          ]
          and
          [
              T=float
          ]
C:\Users\Umbra\source\repos\kabulqz\project_psi\psi\libraries\TileMap.hpp(51,47): warning C4244: "argument": konwersja z "T" do "T", możliwa utrata danych
          with
          [
              T=unsigned int
          ]
          and
          [
              T=float
          ]
C:\Users\Umbra\source\repos\kabulqz\project_psi\psi\libraries\TileMap.hpp(52,64): warning C4244: "argument": konwersja z "T" do "T", możliwa utrata danych
          with
          [
              T=unsigned int
          ]
          and
          [
              T=float
          ]
C:\Users\Umbra\source\repos\kabulqz\project_psi\psi\libraries\TileMap.hpp(52,41): warning C4244: "argument": konwersja z "T" do "T", możliwa utrata danych
          with
          [
              T=unsigned int
          ]
          and
          [
              T=float
          ]
C:\Users\Umbra\source\repos\kabulqz\project_psi\psi\libraries\Save.hpp(17,1): error C2027: wykorzystanie niezdefiniowanego przez użytkownika typu "Game"
C:\Users\Umbra\source\repos\kabulqz\project_psi\psi\libraries\Settings.hpp(31,7): message : zobacz deklarację „Game”
C:\Users\Umbra\source\repos\kabulqz\project_psi\psi\libraries\Save.hpp(22,1): error C2027: wykorzystanie niezdefiniowanego przez użytkownika typu "Game"
C:\Users\Umbra\source\repos\kabulqz\project_psi\psi\libraries\Settings.hpp(31,7): message : zobacz deklarację „Game”
  MainMenuState.cpp
C:\Program Files\Microsoft Visual Studio\2022\Community\VC\Tools\MSVC\14.34.31933\include\filesystem(13): warning STL4038: The contents of <filesystem> are available only with C++17 or later.
C:\Users\Umbra\source\repos\kabulqz\project_psi\psi\libraries\TileMap.hpp(43,55): warning C4244: "argument": konwersja z "unsigned int" do "T", możliwa utrata danych
          with
          [
              T=float
          ]
C:\Users\Umbra\source\repos\kabulqz\project_psi\psi\libraries\TileMap.hpp(43,39): warning C4244: "argument": konwersja z "unsigned int" do "T", możliwa utrata danych
          with
          [
              T=float
          ]
C:\Users\Umbra\source\repos\kabulqz\project_psi\psi\libraries\TileMap.hpp(44,61): warning C4244: "argument": konwersja z "unsigned int" do "T", możliwa utrata danych
          with
          [
              T=float
          ]
C:\Users\Umbra\source\repos\kabulqz\project_psi\psi\libraries\TileMap.hpp(44,45): warning C4244: "argument": konwersja z "unsigned int" do "T", możliwa utrata danych
          with
          [
              T=float
          ]
C:\Users\Umbra\source\repos\kabulqz\project_psi\psi\libraries\TileMap.hpp(45,67): warning C4244: "argument": konwersja z "unsigned int" do "T", możliwa utrata danych
          with
          [
              T=float
          ]
C:\Users\Umbra\source\repos\kabulqz\project_psi\psi\libraries\TileMap.hpp(45,45): warning C4244: "argument": konwersja z "unsigned int" do "T", możliwa utrata danych
          with
          [
              T=float
          ]
C:\Users\Umbra\source\repos\kabulqz\project_psi\psi\libraries\TileMap.hpp(46,61): warning C4244: "argument": konwersja z "unsigned int" do "T", możliwa utrata danych
          with
          [
              T=float
          ]
C:\Users\Umbra\source\repos\kabulqz\project_psi\psi\libraries\TileMap.hpp(46,39): warning C4244: "argument": konwersja z "unsigned int" do "T", możliwa utrata danych
          with
          [
              T=float
          ]
C:\Users\Umbra\source\repos\kabulqz\project_psi\psi\libraries\TileMap.hpp(49,58): warning C4244: "argument": konwersja z "T" do "T", możliwa utrata danych
          with
          [
              T=unsigned int
          ]
          and
          [
              T=float
          ]
C:\Users\Umbra\source\repos\kabulqz\project_psi\psi\libraries\TileMap.hpp(49,41): warning C4244: "argument": konwersja z "T" do "T", możliwa utrata danych
          with
          [
              T=unsigned int
          ]
          and
          [
              T=float
          ]
C:\Users\Umbra\source\repos\kabulqz\project_psi\psi\libraries\TileMap.hpp(50,64): warning C4244: "argument": konwersja z "T" do "T", możliwa utrata danych
          with
          [
              T=unsigned int
          ]
          and
          [
              T=float
          ]
C:\Users\Umbra\source\repos\kabulqz\project_psi\psi\libraries\TileMap.hpp(50,47): warning C4244: "argument": konwersja z "T" do "T", możliwa utrata danych
          with
          [
              T=unsigned int
          ]
          and
          [
              T=float
          ]
C:\Users\Umbra\source\repos\kabulqz\project_psi\psi\libraries\TileMap.hpp(51,70): warning C4244: "argument": konwersja z "T" do "T", możliwa utrata danych
          with
          [
              T=unsigned int
          ]
          and
          [
              T=float
          ]
C:\Users\Umbra\source\repos\kabulqz\project_psi\psi\libraries\TileMap.hpp(51,47): warning C4244: "argument": konwersja z "T" do "T", możliwa utrata danych
          with
          [
              T=unsigned int
          ]
          and
          [
              T=float
          ]
C:\Users\Umbra\source\repos\kabulqz\project_psi\psi\libraries\TileMap.hpp(52,64): warning C4244: "argument": konwersja z "T" do "T", możliwa utrata danych
          with
          [
              T=unsigned int
          ]
          and
          [
              T=float
          ]
C:\Users\Umbra\source\repos\kabulqz\project_psi\psi\libraries\TileMap.hpp(52,41): warning C4244: "argument": konwersja z "T" do "T", możliwa utrata danych
          with
          [
              T=unsigned int
          ]
          and
          [
              T=float
          ]
C:\Users\Umbra\source\repos\kabulqz\project_psi\psi\libraries\Save.hpp(17,1): error C2027: wykorzystanie niezdefiniowanego przez użytkownika typu "Game"
C:\Users\Umbra\source\repos\kabulqz\project_psi\psi\libraries\Settings.hpp(31,7): message : zobacz deklarację „Game”
C:\Users\Umbra\source\repos\kabulqz\project_psi\psi\libraries\Save.hpp(22,1): error C2027: wykorzystanie niezdefiniowanego przez użytkownika typu "Game"
C:\Users\Umbra\source\repos\kabulqz\project_psi\psi\libraries\Settings.hpp(31,7): message : zobacz deklarację „Game”
  main.cpp
C:\Program Files\Microsoft Visual Studio\2022\Community\VC\Tools\MSVC\14.34.31933\include\filesystem(13): warning STL4038: The contents of <filesystem> are available only with C++17 or later.
C:\Users\Umbra\source\repos\kabulqz\project_psi\psi\libraries\TileMap.hpp(43,55): warning C4244: "argument": konwersja z "unsigned int" do "T", możliwa utrata danych
          with
          [
              T=float
          ]
C:\Users\Umbra\source\repos\kabulqz\project_psi\psi\libraries\TileMap.hpp(43,39): warning C4244: "argument": konwersja z "unsigned int" do "T", możliwa utrata danych
          with
          [
              T=float
          ]
C:\Users\Umbra\source\repos\kabulqz\project_psi\psi\libraries\TileMap.hpp(44,61): warning C4244: "argument": konwersja z "unsigned int" do "T", możliwa utrata danych
          with
          [
              T=float
          ]
C:\Users\Umbra\source\repos\kabulqz\project_psi\psi\libraries\TileMap.hpp(44,45): warning C4244: "argument": konwersja z "unsigned int" do "T", możliwa utrata danych
          with
          [
              T=float
          ]
C:\Users\Umbra\source\repos\kabulqz\project_psi\psi\libraries\TileMap.hpp(45,67): warning C4244: "argument": konwersja z "unsigned int" do "T", możliwa utrata danych
          with
          [
              T=float
          ]
C:\Users\Umbra\source\repos\kabulqz\project_psi\psi\libraries\TileMap.hpp(45,45): warning C4244: "argument": konwersja z "unsigned int" do "T", możliwa utrata danych
          with
          [
              T=float
          ]
C:\Users\Umbra\source\repos\kabulqz\project_psi\psi\libraries\TileMap.hpp(46,61): warning C4244: "argument": konwersja z "unsigned int" do "T", możliwa utrata danych
          with
          [
              T=float
          ]
C:\Users\Umbra\source\repos\kabulqz\project_psi\psi\libraries\TileMap.hpp(46,39): warning C4244: "argument": konwersja z "unsigned int" do "T", możliwa utrata danych
          with
          [
              T=float
          ]
C:\Users\Umbra\source\repos\kabulqz\project_psi\psi\libraries\TileMap.hpp(49,58): warning C4244: "argument": konwersja z "T" do "T", możliwa utrata danych
          with
          [
              T=unsigned int
          ]
          and
          [
              T=float
          ]
C:\Users\Umbra\source\repos\kabulqz\project_psi\psi\libraries\TileMap.hpp(49,41): warning C4244: "argument": konwersja z "T" do "T", możliwa utrata danych
          with
          [
              T=unsigned int
          ]
          and
          [
              T=float
          ]
C:\Users\Umbra\source\repos\kabulqz\project_psi\psi\libraries\TileMap.hpp(50,64): warning C4244: "argument": konwersja z "T" do "T", możliwa utrata danych
          with
          [
              T=unsigned int
          ]
          and
          [
              T=float
          ]
C:\Users\Umbra\source\repos\kabulqz\project_psi\psi\libraries\TileMap.hpp(50,47): warning C4244: "argument": konwersja z "T" do "T", możliwa utrata danych
          with
          [
              T=unsigned int
          ]
          and
          [
              T=float
          ]
C:\Users\Umbra\source\repos\kabulqz\project_psi\psi\libraries\TileMap.hpp(51,70): warning C4244: "argument": konwersja z "T" do "T", możliwa utrata danych
          with
          [
              T=unsigned int
          ]
          and
          [
              T=float
          ]
C:\Users\Umbra\source\repos\kabulqz\project_psi\psi\libraries\TileMap.hpp(51,47): warning C4244: "argument": konwersja z "T" do "T", możliwa utrata danych
          with
          [
              T=unsigned int
          ]
          and
          [
              T=float
          ]
C:\Users\Umbra\source\repos\kabulqz\project_psi\psi\libraries\TileMap.hpp(52,64): warning C4244: "argument": konwersja z "T" do "T", możliwa utrata danych
          with
          [
              T=unsigned int
          ]
          and
          [
              T=float
          ]
C:\Users\Umbra\source\repos\kabulqz\project_psi\psi\libraries\TileMap.hpp(52,41): warning C4244: "argument": konwersja z "T" do "T", możliwa utrata danych
          with
          [
              T=unsigned int
          ]
          and
          [
              T=float
          ]
C:\Users\Umbra\source\repos\kabulqz\project_psi\psi\libraries\Save.hpp(17,1): error C2027: wykorzystanie niezdefiniowanego przez użytkownika typu "Game"
C:\Users\Umbra\source\repos\kabulqz\project_psi\psi\libraries\Settings.hpp(31,7): message : zobacz deklarację „Game”
C:\Users\Umbra\source\repos\kabulqz\project_psi\psi\libraries\Save.hpp(22,1): error C2027: wykorzystanie niezdefiniowanego przez użytkownika typu "Game"
C:\Users\Umbra\source\repos\kabulqz\project_psi\psi\libraries\Settings.hpp(31,7): message : zobacz deklarację „Game”
  Generowanie kodu...
